mode: set
github.com/markb/supalite/internal/config/config.go:53.30,57.59 2 1
github.com/markb/supalite/internal/config/config.go:57.59,58.51 1 1
github.com/markb/supalite/internal/config/config.go:58.51,60.4 1 0
github.com/markb/supalite/internal/config/config.go:61.8,61.32 1 1
github.com/markb/supalite/internal/config/config.go:61.32,64.3 1 0
github.com/markb/supalite/internal/config/config.go:67.2,72.17 3 1
github.com/markb/supalite/internal/config/config.go:76.37,78.20 1 1
github.com/markb/supalite/internal/config/config.go:78.20,80.3 1 1
github.com/markb/supalite/internal/config/config.go:81.2,81.19 1 1
github.com/markb/supalite/internal/config/config.go:81.19,83.3 1 1
github.com/markb/supalite/internal/config/config.go:84.2,84.23 1 1
github.com/markb/supalite/internal/config/config.go:84.23,86.3 1 1
github.com/markb/supalite/internal/config/config.go:87.2,87.23 1 1
github.com/markb/supalite/internal/config/config.go:87.23,89.3 1 1
github.com/markb/supalite/internal/config/config.go:92.2,92.21 1 1
github.com/markb/supalite/internal/config/config.go:92.21,94.3 1 1
github.com/markb/supalite/internal/config/config.go:95.2,95.26 1 1
github.com/markb/supalite/internal/config/config.go:95.26,97.3 1 1
github.com/markb/supalite/internal/config/config.go:98.2,98.26 1 1
github.com/markb/supalite/internal/config/config.go:98.26,100.3 1 1
github.com/markb/supalite/internal/config/config.go:101.2,101.26 1 1
github.com/markb/supalite/internal/config/config.go:101.26,103.3 1 1
github.com/markb/supalite/internal/config/config.go:106.2,106.25 1 1
github.com/markb/supalite/internal/config/config.go:106.25,108.3 1 1
github.com/markb/supalite/internal/config/config.go:109.2,109.23 1 1
github.com/markb/supalite/internal/config/config.go:109.23,111.3 1 1
github.com/markb/supalite/internal/config/config.go:112.2,112.30 1 1
github.com/markb/supalite/internal/config/config.go:112.30,114.3 1 1
github.com/markb/supalite/internal/config/config.go:117.2,117.22 1 1
github.com/markb/supalite/internal/config/config.go:117.22,119.3 1 1
github.com/markb/supalite/internal/config/config.go:121.2,121.30 1 1
github.com/markb/supalite/internal/config/config.go:121.30,123.3 1 1
github.com/markb/supalite/internal/config/config.go:124.2,124.29 1 1
github.com/markb/supalite/internal/config/config.go:124.29,126.3 1 1
github.com/markb/supalite/internal/config/config.go:127.2,127.30 1 1
github.com/markb/supalite/internal/config/config.go:127.30,129.3 1 1
github.com/markb/supalite/internal/config/config.go:130.2,130.30 1 1
github.com/markb/supalite/internal/config/config.go:130.30,132.3 1 1
github.com/markb/supalite/internal/config/config.go:133.2,133.36 1 1
github.com/markb/supalite/internal/config/config.go:133.36,135.3 1 1
github.com/markb/supalite/internal/config/config.go:136.2,136.42 1 1
github.com/markb/supalite/internal/config/config.go:136.42,138.3 1 1
github.com/markb/supalite/internal/config/config.go:139.2,139.48 1 1
github.com/markb/supalite/internal/config/config.go:139.48,141.3 1 1
github.com/markb/supalite/internal/config/config.go:142.2,142.44 1 1
github.com/markb/supalite/internal/config/config.go:142.44,144.3 1 1
github.com/markb/supalite/internal/config/config.go:145.2,145.47 1 1
github.com/markb/supalite/internal/config/config.go:145.47,147.3 1 1
github.com/markb/supalite/internal/config/config.go:149.2,149.34 1 1
github.com/markb/supalite/internal/config/config.go:149.34,151.3 1 1
github.com/markb/supalite/internal/config/config.go:153.2,153.28 1 1
github.com/markb/supalite/internal/config/config.go:153.28,155.3 1 1
github.com/markb/supalite/internal/config/config.go:156.2,156.32 1 1
github.com/markb/supalite/internal/config/config.go:156.32,158.3 1 1
github.com/markb/supalite/internal/config/config.go:162.31,163.20 1 1
github.com/markb/supalite/internal/config/config.go:163.20,165.3 1 1
github.com/markb/supalite/internal/config/config.go:166.2,166.19 1 1
github.com/markb/supalite/internal/config/config.go:166.19,168.3 1 1
github.com/markb/supalite/internal/config/config.go:169.2,169.23 1 1
github.com/markb/supalite/internal/config/config.go:169.23,171.3 1 1
github.com/markb/supalite/internal/config/config.go:172.2,172.21 1 1
github.com/markb/supalite/internal/config/config.go:172.21,174.3 1 1
github.com/markb/supalite/internal/config/config.go:178.44,179.38 1 1
github.com/markb/supalite/internal/config/config.go:179.38,181.3 1 1
github.com/markb/supalite/internal/config/config.go:182.2,182.19 1 1
github.com/markb/supalite/internal/config/config.go:186.48,187.38 1 1
github.com/markb/supalite/internal/config/config.go:187.38,189.59 2 1
github.com/markb/supalite/internal/config/config.go:189.59,191.4 1 1
github.com/markb/supalite/internal/config/config.go:193.2,193.19 1 1
